==============================================================
File generated by Vivado(TM) HLS - High-Level Synthesis from C, C++ and SystemC
Version: 2015.4
Copyright (C) 2015 Xilinx Inc. All rights reserved.

==============================================================

@I [HLS-10] Setting target device to ' xc7z020clg484-1 '
@I [SYN-201] Setting up clock 'default' with a period of 8.5ns.
@I [HLS-10] Analyzing design file 'C:/Users/sskalick/Xilinx/hash/hash/src/main.cpp' ... 
@I [HLS-10] Validating synthesis directives ...
@I [HLS-10] Starting code transformations ...
@I [HLS-10] Checking synthesizability ...
@I [XFORM-602] Inlining function 'hash' into 'get' (C:/Users/sskalick/Xilinx/hash/hash/src/main.cpp:35) automatically.
@I [XFORM-602] Inlining function 'assign_val' into 'get' (C:/Users/sskalick/Xilinx/hash/hash/src/main.cpp:36) automatically.
@I [XFORM-602] Inlining function 'hash' into 'get' (C:/Users/sskalick/Xilinx/hash/hash/src/main.cpp:35) automatically.
@I [XFORM-602] Inlining function 'assign_val' into 'get' (C:/Users/sskalick/Xilinx/hash/hash/src/main.cpp:36) automatically.
@I [HLS-111] Elapsed time: 6.685 seconds; current memory usage: 70.6 MB.
@I [HLS-10] Starting hardware synthesis ...
@I [HLS-10] Synthesizing 'get' ...
@W [SYN-107] Renaming port name 'get/val' to 'get/val_r' to avoid the conflict with HDL keywords or other object names.
@I [HLS-10] ----------------------------------------------------------------
@I [HLS-10] -- Scheduling module 'get' 
@I [HLS-10] ----------------------------------------------------------------
@I [SCHED-11] Starting scheduling ...
@I [SCHED-11] Finished scheduling.
@I [HLS-111] Elapsed time: 0.016 seconds; current memory usage: 71.1 MB.
@I [HLS-10] ----------------------------------------------------------------
@I [HLS-10] -- Exploring micro-architecture for module 'get' 
@I [HLS-10] ----------------------------------------------------------------
@I [BIND-100] Starting micro-architecture generation ...
@I [BIND-101] Performing variable lifetime analysis.
@I [BIND-101] Exploring resource sharing.
@I [BIND-101] Binding ...
@I [BIND-100] Finished micro-architecture generation.
@I [HLS-111] Elapsed time: 0.047 seconds; current memory usage: 71.2 MB.
@I [HLS-10] ----------------------------------------------------------------
@I [HLS-10] -- Generating RTL for module 'get' 
@I [HLS-10] ----------------------------------------------------------------
@I [RTGEN-500] Setting interface mode on port 'get/gmem' to 'm_axi'.
@I [RTGEN-500] Setting interface mode on port 'get/data' to 'ap_none'.
@I [RTGEN-500] Setting interface mode on port 'get/key' to 'ap_none'.
@I [RTGEN-500] Setting interface mode on port 'get/val_r' to 'ap_vld'.
@I [RTGEN-500] Setting interface mode on function 'get' to 'ap_ctrl_hs'.
@I [RTGEN-100] Finished creating RTL model for 'get'.
@I [HLS-111] Elapsed time: 0.047 seconds; current memory usage: 71.1 MB.
@I [HLS-10] Finished generating all RTL models.
@I [WSYSC-301] Generating RTL SystemC for 'get'.
@I [WVHDL-304] Generating RTL VHDL for 'get'.
@I [WVLOG-307] Generating RTL Verilog for 'get'.
@I [IMPL-8] Exporting RTL as an IP in IP-XACT.
@I [HLS-112] Total elapsed time: 29.144 seconds; peak memory usage: 71.2 MB.
