

================================================================
== Vivado HLS Report for 'set'
================================================================
* Date:           Tue Feb 02 21:36:00 2016

* Version:        2015.4 (Build 1412921 on Wed Nov 18 09:58:55 AM 2015)
* Project:        set
* Solution:       solution
* Product family: zynq
* Target device:  xc7z020clg484-1


================================================================
== Performance Estimates
================================================================
+ Timing (ns): 
    * Summary: 
    +--------+-------+----------+------------+
    |  Clock | Target| Estimated| Uncertainty|
    +--------+-------+----------+------------+
    |ap_clk  |   8.50|      7.44|        1.06|
    +--------+-------+----------+------------+

+ Latency (clock cycles): 
    * Summary: 
    +-----+-----+-----+-----+---------+
    |  Latency  |  Interval | Pipeline|
    | min | max | min | max |   Type  |
    +-----+-----+-----+-----+---------+
    |    8|    8|    9|    9|   none  |
    +-----+-----+-----+-----+---------+

    + Detail: 
        * Instance: 
        +--------------------------+----------------+-----+-----+-----+-----+---------+
        |                          |                |  Latency  |  Interval | Pipeline|
        |         Instance         |     Module     | min | max | min | max |   Type  |
        +--------------------------+----------------+-----+-----+-----+-----+---------+
        |grp_set_assign_val_fu_58  |set_assign_val  |    7|    7|    7|    7|   none  |
        +--------------------------+----------------+-----+-----+-----+-----+---------+

        * Loop: 
        N/A



================================================================
== Utilization Estimates
================================================================
* Summary: 
+-----------------+---------+-------+--------+-------+
|       Name      | BRAM_18K| DSP48E|   FF   |  LUT  |
+-----------------+---------+-------+--------+-------+
|DSP              |        -|      -|       -|      -|
|Expression       |        -|      -|       -|      -|
|FIFO             |        -|      -|       -|      -|
|Instance         |        -|      -|     590|    739|
|Memory           |        -|      -|       -|      -|
|Multiplexer      |        -|      -|       -|      4|
|Register         |        -|      -|      33|      -|
+-----------------+---------+-------+--------+-------+
|Total            |        0|      0|     623|    743|
+-----------------+---------+-------+--------+-------+
|Available        |      280|    220|  106400|  53200|
+-----------------+---------+-------+--------+-------+
|Utilization (%)  |        0|      0|   ~0   |      1|
+-----------------+---------+-------+--------+-------+

+ Detail: 
    * Instance: 
    +--------------------------+----------------+---------+-------+-----+-----+
    |         Instance         |     Module     | BRAM_18K| DSP48E|  FF | LUT |
    +--------------------------+----------------+---------+-------+-----+-----+
    |grp_set_assign_val_fu_58  |set_assign_val  |        0|      0|   42|   39|
    |set_gmem_m_axi_U          |set_gmem_m_axi  |        0|      0|  548|  700|
    +--------------------------+----------------+---------+-------+-----+-----+
    |Total                     |                |        0|      0|  590|  739|
    +--------------------------+----------------+---------+-------+-----+-----+

    * DSP48: 
    N/A

    * Memory: 
    N/A

    * FIFO: 
    N/A

    * Expression: 
    N/A

    * Multiplexer: 
    +--------------+----+-----------+-----+-----------+
    |     Name     | LUT| Input Size| Bits| Total Bits|
    +--------------+----+-----------+-----+-----------+
    |ap_NS_fsm     |   1|          3|    1|          3|
    |gmem_AWVALID  |   1|          2|    1|          2|
    |gmem_BREADY   |   1|          2|    1|          2|
    |gmem_WVALID   |   1|          2|    1|          2|
    +--------------+----+-----------+-----+-----------+
    |Total         |   4|          9|    4|          9|
    +--------------+----+-----------+-----+-----------+

    * Register: 
    +------------------------------------------------+----+----+-----+-----------+
    |                      Name                      | FF | LUT| Bits| Const Bits|
    +------------------------------------------------+----+----+-----+-----------+
    |ap_CS_fsm                                       |   2|   0|    2|          0|
    |data1_reg_90                                    |  30|   0|   30|          0|
    |grp_set_assign_val_fu_58_ap_start_ap_start_reg  |   1|   0|    1|          0|
    +------------------------------------------------+----+----+-----+-----------+
    |Total                                           |  33|   0|   33|          0|
    +------------------------------------------------+----+----+-----+-----------+



================================================================
== Interface
================================================================
* Summary: 
+---------------------+-----+-----+------------+--------------+--------------+
|      RTL Ports      | Dir | Bits|  Protocol  | Source Object|    C Type    |
+---------------------+-----+-----+------------+--------------+--------------+
|ap_clk               |  in |    1| ap_ctrl_hs |      set     | return value |
|ap_rst_n             |  in |    1| ap_ctrl_hs |      set     | return value |
|ap_start             |  in |    1| ap_ctrl_hs |      set     | return value |
|ap_done              | out |    1| ap_ctrl_hs |      set     | return value |
|ap_idle              | out |    1| ap_ctrl_hs |      set     | return value |
|ap_ready             | out |    1| ap_ctrl_hs |      set     | return value |
|ap_return            | out |   32| ap_ctrl_hs |      set     | return value |
|m_axi_gmem_AWVALID   | out |    1|    m_axi   |     gmem     |    pointer   |
|m_axi_gmem_AWREADY   |  in |    1|    m_axi   |     gmem     |    pointer   |
|m_axi_gmem_AWADDR    | out |   32|    m_axi   |     gmem     |    pointer   |
|m_axi_gmem_AWID      | out |    1|    m_axi   |     gmem     |    pointer   |
|m_axi_gmem_AWLEN     | out |    8|    m_axi   |     gmem     |    pointer   |
|m_axi_gmem_AWSIZE    | out |    3|    m_axi   |     gmem     |    pointer   |
|m_axi_gmem_AWBURST   | out |    2|    m_axi   |     gmem     |    pointer   |
|m_axi_gmem_AWLOCK    | out |    2|    m_axi   |     gmem     |    pointer   |
|m_axi_gmem_AWCACHE   | out |    4|    m_axi   |     gmem     |    pointer   |
|m_axi_gmem_AWPROT    | out |    3|    m_axi   |     gmem     |    pointer   |
|m_axi_gmem_AWQOS     | out |    4|    m_axi   |     gmem     |    pointer   |
|m_axi_gmem_AWREGION  | out |    4|    m_axi   |     gmem     |    pointer   |
|m_axi_gmem_AWUSER    | out |    1|    m_axi   |     gmem     |    pointer   |
|m_axi_gmem_WVALID    | out |    1|    m_axi   |     gmem     |    pointer   |
|m_axi_gmem_WREADY    |  in |    1|    m_axi   |     gmem     |    pointer   |
|m_axi_gmem_WDATA     | out |   32|    m_axi   |     gmem     |    pointer   |
|m_axi_gmem_WSTRB     | out |    4|    m_axi   |     gmem     |    pointer   |
|m_axi_gmem_WLAST     | out |    1|    m_axi   |     gmem     |    pointer   |
|m_axi_gmem_WID       | out |    1|    m_axi   |     gmem     |    pointer   |
|m_axi_gmem_WUSER     | out |    1|    m_axi   |     gmem     |    pointer   |
|m_axi_gmem_ARVALID   | out |    1|    m_axi   |     gmem     |    pointer   |
|m_axi_gmem_ARREADY   |  in |    1|    m_axi   |     gmem     |    pointer   |
|m_axi_gmem_ARADDR    | out |   32|    m_axi   |     gmem     |    pointer   |
|m_axi_gmem_ARID      | out |    1|    m_axi   |     gmem     |    pointer   |
|m_axi_gmem_ARLEN     | out |    8|    m_axi   |     gmem     |    pointer   |
|m_axi_gmem_ARSIZE    | out |    3|    m_axi   |     gmem     |    pointer   |
|m_axi_gmem_ARBURST   | out |    2|    m_axi   |     gmem     |    pointer   |
|m_axi_gmem_ARLOCK    | out |    2|    m_axi   |     gmem     |    pointer   |
|m_axi_gmem_ARCACHE   | out |    4|    m_axi   |     gmem     |    pointer   |
|m_axi_gmem_ARPROT    | out |    3|    m_axi   |     gmem     |    pointer   |
|m_axi_gmem_ARQOS     | out |    4|    m_axi   |     gmem     |    pointer   |
|m_axi_gmem_ARREGION  | out |    4|    m_axi   |     gmem     |    pointer   |
|m_axi_gmem_ARUSER    | out |    1|    m_axi   |     gmem     |    pointer   |
|m_axi_gmem_RVALID    |  in |    1|    m_axi   |     gmem     |    pointer   |
|m_axi_gmem_RREADY    | out |    1|    m_axi   |     gmem     |    pointer   |
|m_axi_gmem_RDATA     |  in |   32|    m_axi   |     gmem     |    pointer   |
|m_axi_gmem_RLAST     |  in |    1|    m_axi   |     gmem     |    pointer   |
|m_axi_gmem_RID       |  in |    1|    m_axi   |     gmem     |    pointer   |
|m_axi_gmem_RUSER     |  in |    1|    m_axi   |     gmem     |    pointer   |
|m_axi_gmem_RRESP     |  in |    2|    m_axi   |     gmem     |    pointer   |
|m_axi_gmem_BVALID    |  in |    1|    m_axi   |     gmem     |    pointer   |
|m_axi_gmem_BREADY    | out |    1|    m_axi   |     gmem     |    pointer   |
|m_axi_gmem_BRESP     |  in |    2|    m_axi   |     gmem     |    pointer   |
|m_axi_gmem_BID       |  in |    1|    m_axi   |     gmem     |    pointer   |
|m_axi_gmem_BUSER     |  in |    1|    m_axi   |     gmem     |    pointer   |
|data                 |  in |   32|   ap_none  |     data     |    scalar    |
|key                  |  in |   32|   ap_none  |      key     |    scalar    |
|val_r                |  in |   32|   ap_none  |     val_r    |    scalar    |
+---------------------+-----+-----+------------+--------------+--------------+

